2018-10-31 13:59:50,798 [26] DEBUG ASP.NET.MVC.App_Start.Filter.MyActionFilterAttribute [(null)] - MyActionFilterAttribute 执行
2018-10-31 13:59:50,799 [26] DEBUG ASP.NET.MVC.App_Start.Filter.MyActionFilterAttribute [(null)] - 参数：searchTerm，值：Name1
2018-10-31 13:59:50,801 [26] DEBUG ASP.NET.MVC.App_Start.Filter.MyActionFilterAttribute [(null)] - 参数：page，值：2
2018-10-31 14:01:06,909 [40] DEBUG ASP.NET.MVC.App_Start.Filter.MyActionFilterAttribute [(null)] - MyActionFilterAttribute 执行
2018-10-31 14:01:06,911 [40] DEBUG ASP.NET.MVC.App_Start.Filter.MyActionFilterAttribute [(null)] - 参数：restaurantId，值：2127
2018-10-31 14:01:14,808 [40] DEBUG ASP.NET.MVC.App_Start.Filter.MyActionFilterAttribute [(null)] - MyActionFilterAttribute 执行
2018-10-31 14:01:14,809 [40] DEBUG ASP.NET.MVC.App_Start.Filter.MyActionFilterAttribute [(null)] - 参数：restaurantId，值：2127
2018-10-31 14:01:33,094 [40] DEBUG ASP.NET.MVC.App_Start.Filter.MyActionFilterAttribute [(null)] - MyActionFilterAttribute 执行
2018-10-31 14:01:33,095 [40] DEBUG ASP.NET.MVC.App_Start.Filter.MyActionFilterAttribute [(null)] - 参数：review，值：ASP.NET.MVC.Areas.Restaurant.Models.RestaurantReview
2018-10-31 14:01:33,424 [29] DEBUG ASP.NET.MVC.App_Start.Filter.MyActionFilterAttribute [(null)] - MyActionFilterAttribute 执行
2018-10-31 14:01:33,424 [29] DEBUG ASP.NET.MVC.App_Start.Filter.MyActionFilterAttribute [(null)] - 参数：restaurantId，值：2127
2019-01-17 17:28:27,239 [1] DEBUG ASP.NET.MVC.MvcApplication [(null)] - 网站开始运行
2019-01-17 17:28:27,898 [5] DEBUG ASP.NET.MVC.App_Start.Filter.MyActionFilterAttribute [(null)] - MyActionFilterAttribute 执行
2019-01-17 17:29:08,168 [10] DEBUG ASP.NET.MVC.App_Start.Filter.MyActionFilterAttribute [(null)] - MyActionFilterAttribute 执行
2019-01-17 17:29:08,169 [10] DEBUG ASP.NET.MVC.App_Start.Filter.MyActionFilterAttribute [(null)] - 参数：searchText，值：
2019-01-17 17:29:29,716 [5] DEBUG ASP.NET.MVC.App_Start.Filter.MyActionFilterAttribute [(null)] - MyActionFilterAttribute 执行
2019-01-17 17:29:56,125 [10] DEBUG ASP.NET.MVC.App_Start.Filter.MyActionFilterAttribute [(null)] - MyActionFilterAttribute 执行
2019-01-17 17:29:56,127 [10] DEBUG ASP.NET.MVC.App_Start.Filter.MyActionFilterAttribute [(null)] - 参数：id，值：
2019-01-17 17:29:59,588 [10] DEBUG ASP.NET.MVC.App_Start.Filter.MyActionFilterAttribute [(null)] - MyActionFilterAttribute 执行
2019-01-17 17:29:59,588 [10] DEBUG ASP.NET.MVC.App_Start.Filter.MyActionFilterAttribute [(null)] - 参数：id，值：
2019-01-17 17:30:02,537 [15] DEBUG ASP.NET.MVC.App_Start.Filter.MyActionFilterAttribute [(null)] - MyActionFilterAttribute 执行
2019-01-17 17:30:02,538 [15] DEBUG ASP.NET.MVC.App_Start.Filter.MyActionFilterAttribute [(null)] - 参数：id，值：
2019-01-17 17:30:09,594 [5] DEBUG ASP.NET.MVC.App_Start.Filter.MyActionFilterAttribute [(null)] - MyActionFilterAttribute 执行
2019-01-17 17:30:29,488 [8] DEBUG ASP.NET.MVC.App_Start.Filter.MyActionFilterAttribute [(null)] - MyActionFilterAttribute 执行
2019-01-17 17:30:32,964 [15] DEBUG ASP.NET.MVC.App_Start.Filter.MyActionFilterAttribute [(null)] - MyActionFilterAttribute 执行
2019-01-17 17:30:34,731 [6] DEBUG ASP.NET.MVC.App_Start.Filter.MyActionFilterAttribute [(null)] - MyActionFilterAttribute 执行
2019-01-17 17:30:39,635 [6] DEBUG ASP.NET.MVC.App_Start.Filter.MyActionFilterAttribute [(null)] - MyActionFilterAttribute 执行
2019-01-17 17:30:39,636 [6] DEBUG ASP.NET.MVC.App_Start.Filter.MyActionFilterAttribute [(null)] - 参数：searchText，值：
2019-01-17 17:30:50,840 [13] DEBUG ASP.NET.MVC.App_Start.Filter.MyActionFilterAttribute [(null)] - MyActionFilterAttribute 执行
2019-01-17 17:30:50,841 [13] DEBUG ASP.NET.MVC.App_Start.Filter.MyActionFilterAttribute [(null)] - 参数：searchText，值：0
