2019-02-01 07:17:58,835 [1] INFO  Global.asax [(null)] - begin application start
2019-02-01 07:17:59,215 [1] INFO  Global.asax [(null)] - end application start
2019-02-01 07:17:59,217 [1] INFO  Global.asax [(null)] - begin application Init
2019-02-01 07:17:59,218 [1] INFO  Global.asax [(null)] - end application Init
2019-02-01 07:17:59,248 [32] INFO  Global.asax [(null)] - begin application Init
2019-02-01 07:17:59,252 [32] INFO  Global.asax [(null)] - end application Init
2019-02-01 07:17:59,265 [32] INFO  MyControllerFactory [(null)] - GetControllerType  检索指定名称和请求上下文的控制器类型。
2019-02-01 07:17:59,324 [32] INFO  MyControllerFactory [(null)] - SessionStateBehavior  返回控制器的会话行为。
2019-02-01 07:17:59,350 [32] INFO  MyControllerFactory [(null)] - CreateController  使用指定的请求上下文来创建指定的控制器。
2019-02-01 07:17:59,352 [32] INFO  MyControllerFactory [(null)] - GetControllerType  检索指定名称和请求上下文的控制器类型。
2019-02-01 07:17:59,353 [32] INFO  MyControllerFactory [(null)] - GetControllerInstance  检索指定请求上下文和控制器类型的控制器实例。
2019-02-01 07:17:59,358 [32] INFO  HelloWorldController [(null)] - BeginExecute 开始执行指定的请求上下文 
2019-02-01 07:17:59,363 [32] INFO  HelloWorldController [(null)] - BeginExecuteCore 开始调用当前控制器上下文中的操作 
2019-02-01 07:17:59,367 [32] INFO  HelloWorldController [(null)] - CreateTempDataProvider 创建临时数据提供程序 
2019-02-01 07:17:59,373 [32] INFO  HelloWorldController [(null)] - CreateActionInvoker 创建操作调用程序 
2019-02-01 07:17:59,426 [32] INFO  HelloWorldController [(null)] - OnAuthentication 身份认证  在进行授权时调用
2019-02-01 07:17:59,427 [32] INFO  MyAuthenticationFilter(身份过滤器) [(null)] - OnAuthentication 身份认证  在进行授权时调用
2019-02-01 07:17:59,429 [32] INFO  HelloWorldController [(null)] - OnAuthorization 授权认证  在进行授权时调用
2019-02-01 07:17:59,430 [32] INFO  MyAuthorizationFilter(授权过滤器) [(null)] - OnAuthorization 授权认证  在进行授权时调用
2019-02-01 07:17:59,439 [32] INFO  HelloWorldController [(null)] - OnActionExecuting 在Action之前执行 
2019-02-01 07:17:59,440 [32] INFO  MyActionFilter(操作过滤器) [(null)] - OnActionExecuting 在Action之前执行
2019-02-01 07:17:59,446 [32] INFO  HelloWorldController [(null)] - EndExecute 结束当前控制器上下文中的操作的调用 
2019-02-01 07:17:59,448 [32] INFO  HelloWorldController [(null)] - EndExecuteCore 结束执行核心 
2019-02-01 07:17:59,468 [32] INFO  MyActionFilter(操作过滤器) [(null)] - OnActionExecuted 在Action之后执行
2019-02-01 07:17:59,469 [32] INFO  HelloWorldController [(null)] - OnActionExecuted 在Action之后执行 
2019-02-01 07:17:59,471 [32] INFO  HelloWorldController [(null)] - OnAuthenticationChallenge 在身份认证质询时调用
2019-02-01 07:17:59,472 [32] INFO  MyAuthenticationFilter(身份过滤器) [(null)] - OnAuthenticationChallenge 在身份认证质询时调用
2019-02-01 07:17:59,475 [32] INFO  HelloWorldController [(null)] - OnResultExecuting 在执行由操作方法返回的操作结果前调用 ，在找到view或写入http response前执行
2019-02-01 07:17:59,476 [32] INFO  MyResultFilter(结果过滤器) [(null)] - OnResultExecuting 在执行由操作方法返回的操作结果前调用 ，在找到view或写入http response前执行
2019-02-01 07:18:00,970 [32] INFO  MyResultFilter(结果过滤器) [(null)] - OnResultExecuted 在执行由操作方法返回的操作结果后调用 ,在写入http Response后执行
2019-02-01 07:18:00,971 [32] INFO  HelloWorldController [(null)] - OnResultExecuted 在执行由操作方法返回的操作结果后调用 ,在写入http Response后执行
2019-02-01 07:18:00,974 [32] INFO  MyControllerFactory [(null)] - ReleaseController  释放指定的控制器。
2019-02-01 07:18:00,979 [32] INFO  HelloWorldController [(null)] - Dispose 释放非托管资源和托管资源（后者为可选项） 
2019-02-01 07:22:45,023 [1] INFO  Global.asax [(null)] - begin application start
2019-02-01 07:22:45,425 [1] INFO  Global.asax [(null)] - end application start
2019-02-01 07:22:45,432 [1] INFO  Global.asax [(null)] - begin application Init
2019-02-01 07:22:45,435 [1] INFO  Global.asax [(null)] - end application Init
2019-02-01 07:22:45,460 [32] INFO  Global.asax [(null)] - begin application Init
2019-02-01 07:22:45,461 [32] INFO  Global.asax [(null)] - end application Init
2019-02-01 07:22:45,477 [32] INFO  MyControllerFactory [(null)] - GetControllerType  检索指定名称和请求上下文的控制器类型。
2019-02-01 07:22:45,536 [32] INFO  MyControllerFactory [(null)] - SessionStateBehavior  返回控制器的会话行为。
2019-02-01 07:22:45,562 [32] INFO  MyControllerFactory [(null)] - CreateController  使用指定的请求上下文来创建指定的控制器。
2019-02-01 07:22:45,563 [32] INFO  MyControllerFactory [(null)] - GetControllerType  检索指定名称和请求上下文的控制器类型。
2019-02-01 07:22:45,565 [32] INFO  MyControllerFactory [(null)] - GetControllerInstance  检索指定请求上下文和控制器类型的控制器实例。
2019-02-01 07:22:45,574 [32] INFO  HelloWorldController [(null)] - BeginExecute 开始执行指定的请求上下文 
2019-02-01 07:22:45,580 [32] INFO  HelloWorldController [(null)] - BeginExecuteCore 开始调用当前控制器上下文中的操作 
2019-02-01 07:22:45,584 [32] INFO  HelloWorldController [(null)] - CreateTempDataProvider 创建临时数据提供程序 
2019-02-01 07:22:45,587 [32] INFO  HelloWorldController [(null)] - CreateActionInvoker 创建操作调用程序 
2019-02-01 07:22:45,632 [32] INFO  HelloWorldController [(null)] - OnAuthentication 身份认证  在进行授权时调用
2019-02-01 07:22:45,633 [32] INFO  MyAuthenticationFilter(身份过滤器) [(null)] - OnAuthentication 身份认证  在进行授权时调用
2019-02-01 07:22:45,635 [32] INFO  HelloWorldController [(null)] - OnAuthorization 授权认证  在进行授权时调用
2019-02-01 07:22:45,636 [32] INFO  MyAuthorizationFilter(授权过滤器) [(null)] - OnAuthorization 授权认证  在进行授权时调用
2019-02-01 07:22:45,645 [32] INFO  HelloWorldController [(null)] - OnActionExecuting 在Action之前执行 
2019-02-01 07:22:45,646 [32] INFO  MyActionFilter(操作过滤器) [(null)] - OnActionExecuting 在Action之前执行
2019-02-01 07:22:45,652 [32] INFO  HelloWorldController [(null)] - EndExecute 结束当前控制器上下文中的操作的调用 
2019-02-01 07:22:45,653 [32] INFO  HelloWorldController [(null)] - EndExecuteCore 结束执行核心 
2019-02-01 07:22:45,667 [32] INFO  MyActionFilter(操作过滤器) [(null)] - OnActionExecuted 在Action之后执行
2019-02-01 07:22:45,668 [32] INFO  HelloWorldController [(null)] - OnActionExecuted 在Action之后执行 
2019-02-01 07:22:45,670 [32] INFO  MyExceptionFilter(异常过滤器) [(null)] - OnException 出现异常时调用
2019-02-01 07:22:45,671 [32] INFO  HelloWorldController [(null)] - OnException 出现异常时调用
2019-02-01 07:22:45,682 [32] INFO  MyControllerFactory [(null)] - ReleaseController  释放指定的控制器。
2019-02-01 07:22:45,684 [32] INFO  HelloWorldController [(null)] - Dispose 释放非托管资源和托管资源（后者为可选项） 
